skip
skip
skip
skip
skip
skip
skip
skip
skip
skip
skip
skip
srun: error: v07: task 0: Exited with exit code 1
srun: Job 831105 step creation temporarily disabled, retrying (Requested nodes are busy)
srun: Job 831105 step creation temporarily disabled, retrying (Requested nodes are busy)
srun: Job 831105 step creation temporarily disabled, retrying (Requested nodes are busy)
srun: error: v03: task 0: Exited with exit code 1
srun: Job 831105 step creation temporarily disabled, retrying (Requested nodes are busy)
srun: Job 831105 step creation temporarily disabled, retrying (Requested nodes are busy)
srun: Job 831105 step creation temporarily disabled, retrying (Requested nodes are busy)
srun: Job 831105 step creation temporarily disabled, retrying (Requested nodes are busy)
srun: Job 831105 step creation temporarily disabled, retrying (Requested nodes are busy)
srun: Step created for job 831105
srun: Job 831105 step creation temporarily disabled, retrying (Requested nodes are busy)
srun: Job 831105 step creation temporarily disabled, retrying (Requested nodes are busy)
srun: Job 831105 step creation temporarily disabled, retrying (Requested nodes are busy)
srun: Job 831105 step creation temporarily disabled, retrying (Requested nodes are busy)
skip
srun: Job 831105 step creation temporarily disabled, retrying (Requested nodes are busy)
srun: Job 831105 step creation temporarily disabled, retrying (Requested nodes are busy)
srun: Job 831105 step creation temporarily disabled, retrying (Requested nodes are busy)
srun: Job 831105 step creation temporarily disabled, retrying (Requested nodes are busy)
srun: Step created for job 831105
srun: error: v04: task 0: Exited with exit code 1
skip
srun: Job 831105 step creation temporarily disabled, retrying (Requested nodes are busy)
srun: Job 831105 step creation temporarily disabled, retrying (Requested nodes are busy)
srun: Job 831105 step creation still disabled, retrying (Requested nodes are busy)
srun: Job 831105 step creation still disabled, retrying (Requested nodes are busy)
srun: Job 831105 step creation still disabled, retrying (Requested nodes are busy)
srun: Job 831105 step creation still disabled, retrying (Requested nodes are busy)
srun: Job 831105 step creation still disabled, retrying (Requested nodes are busy)
srun: Job 831105 step creation still disabled, retrying (Requested nodes are busy)
srun: Step created for job 831105
srun: error: v05: task 0: Exited with exit code 1
srun: Job 831105 step creation still disabled, retrying (Requested nodes are busy)
srun: Job 831105 step creation still disabled, retrying (Requested nodes are busy)
srun: Job 831105 step creation still disabled, retrying (Requested nodes are busy)
srun: Job 831105 step creation still disabled, retrying (Requested nodes are busy)
srun: Job 831105 step creation still disabled, retrying (Requested nodes are busy)
srun: Job 831105 step creation still disabled, retrying (Requested nodes are busy)
srun: Job 831105 step creation still disabled, retrying (Requested nodes are busy)
srun: Job 831105 step creation still disabled, retrying (Requested nodes are busy)
srun: Step created for job 831105
srun: error: v05: task 0: Exited with exit code 1
srun: Job 831105 step creation still disabled, retrying (Requested nodes are busy)
srun: Job 831105 step creation still disabled, retrying (Requested nodes are busy)
srun: error: v06: task 0: Exited with exit code 1
srun: Job 831105 step creation still disabled, retrying (Requested nodes are busy)
srun: Job 831105 step creation still disabled, retrying (Requested nodes are busy)
srun: Job 831105 step creation still disabled, retrying (Requested nodes are busy)
srun: Job 831105 step creation still disabled, retrying (Requested nodes are busy)
srun: Job 831105 step creation still disabled, retrying (Requested nodes are busy)
srun: Job 831105 step creation still disabled, retrying (Requested nodes are busy)
srun: Step created for job 831105
srun: Job 831105 step creation still disabled, retrying (Requested nodes are busy)
srun: Job 831105 step creation still disabled, retrying (Requested nodes are busy)
srun: Job 831105 step creation still disabled, retrying (Requested nodes are busy)
srun: Job 831105 step creation still disabled, retrying (Requested nodes are busy)
srun: Job 831105 step creation still disabled, retrying (Requested nodes are busy)
srun: Step created for job 831105
srun: Job 831105 step creation still disabled, retrying (Requested nodes are busy)
srun: error: v02: task 0: Exited with exit code 1
srun: Job 831105 step creation still disabled, retrying (Requested nodes are busy)
srun: Job 831105 step creation still disabled, retrying (Requested nodes are busy)
srun: Job 831105 step creation still disabled, retrying (Requested nodes are busy)
srun: Job 831105 step creation still disabled, retrying (Requested nodes are busy)
srun: Job 831105 step creation still disabled, retrying (Requested nodes are busy)
srun: Job 831105 step creation still disabled, retrying (Requested nodes are busy)
srun: Job 831105 step creation still disabled, retrying (Requested nodes are busy)
skip
srun: Job 831105 step creation still disabled, retrying (Requested nodes are busy)
srun: Step created for job 831105
srun: error: v06: task 0: Exited with exit code 1
srun: error: v05: task 0: Exited with exit code 1
srun: error: v05: task 0: Exited with exit code 1
srun: error: v07: task 0: Exited with exit code 1
srun: error: v07: task 0: Exited with exit code 1
srun: Job 831105 step creation still disabled, retrying (Requested nodes are busy)
srun: Job 831105 step creation still disabled, retrying (Requested nodes are busy)
srun: Job 831105 step creation still disabled, retrying (Requested nodes are busy)
srun: Job 831105 step creation still disabled, retrying (Requested nodes are busy)
srun: Job 831105 step creation still disabled, retrying (Requested nodes are busy)
srun: Job 831105 step creation still disabled, retrying (Requested nodes are busy)
srun: Job 831105 step creation still disabled, retrying (Requested nodes are busy)
srun: Job 831105 step creation still disabled, retrying (Requested nodes are busy)
srun: Step created for job 831105
srun: Job 831105 step creation still disabled, retrying (Requested nodes are busy)
srun: Job 831105 step creation still disabled, retrying (Requested nodes are busy)
skip
srun: Step created for job 831105
srun: Step created for job 831105
srun: error: v04: task 0: Exited with exit code 1
srun: Job 831105 step creation still disabled, retrying (Requested nodes are busy)
srun: Step created for job 831105
srun: Step created for job 831105
srun: Job 831105 step creation still disabled, retrying (Requested nodes are busy)
srun: Job 831105 step creation still disabled, retrying (Requested nodes are busy)
srun: Job 831105 step creation still disabled, retrying (Requested nodes are busy)
srun: Job 831105 step creation still disabled, retrying (Requested nodes are busy)
srun: Job 831105 step creation still disabled, retrying (Requested nodes are busy)
srun: Job 831105 step creation still disabled, retrying (Requested nodes are busy)
srun: Step created for job 831105
skip
srun: error: v07: task 0: Exited with exit code 1
skip
srun: Job 831105 step creation still disabled, retrying (Requested nodes are busy)
srun: Job 831105 step creation still disabled, retrying (Requested nodes are busy)
srun: Job 831105 step creation still disabled, retrying (Requested nodes are busy)
srun: Job 831105 step creation still disabled, retrying (Requested nodes are busy)
srun: Job 831105 step creation still disabled, retrying (Requested nodes are busy)
srun: Step created for job 831105
skip
skip
skip
srun: error: v01: task 0: Exited with exit code 1
skip
srun: Job 831105 step creation still disabled, retrying (Requested nodes are busy)
srun: Job 831105 step creation still disabled, retrying (Requested nodes are busy)
srun: Job 831105 step creation still disabled, retrying (Requested nodes are busy)
skip
srun: Job 831105 step creation still disabled, retrying (Requested nodes are busy)
srun: Step created for job 831105
skip
skip
srun: error: v05: task 0: Exited with exit code 1
skip
srun: Job 831105 step creation still disabled, retrying (Requested nodes are busy)
srun: Job 831105 step creation still disabled, retrying (Requested nodes are busy)
srun: Job 831105 step creation still disabled, retrying (Requested nodes are busy)
srun: Step created for job 831105
skip
skip
skip
skip
skip
skip
skip
srun: error: v04: task 0: Exited with exit code 1
srun: Job 831105 step creation still disabled, retrying (Requested nodes are busy)
skip
srun: Job 831105 step creation still disabled, retrying (Requested nodes are busy)
srun: Step created for job 831105
srun: error: v07: task 0: Exited with exit code 1
skip
srun: error: v05: task 0: Exited with exit code 1
srun: Job 831105 step creation still disabled, retrying (Requested nodes are busy)
skip
srun: Step created for job 831105
srun: error: v04: task 0: Exited with exit code 1
srun: error: v05: task 0: Exited with exit code 1
srun: error: v03: task 0: Exited with exit code 1
srun: error: v02: task 0: Exited with exit code 1
skip
skip
skip
skip
srun: error: v05: task 0: Exited with exit code 1
srun: error: v03: task 0: Exited with exit code 1
srun: error: v04: task 0: Exited with exit code 1
srun: error: v04: task 0: Exited with exit code 1
srun: error: v07: task 0: Exited with exit code 1
srun: error: v06: task 0: Exited with exit code 1
srun: error: v05: task 0: Exited with exit code 1
srun: error: v06: task 0: Exited with exit code 1
srun: error: v02: task 0: Exited with exit code 1
srun: error: v07: task 0: Exited with exit code 1
srun: error: v07: task 0: Exited with exit code 1
srun: error: v04: task 0: Exited with exit code 1
srun: error: v04: task 0: Exited with exit code 1
srun: error: v06: task 0: Exited with exit code 1
srun: error: v06: task 0: Exited with exit code 1
srun: error: v06: task 0: Exited with exit code 1
srun: error: v06: task 0: Exited with exit code 1
skip
skip
skip
srun: error: v07: task 0: Exited with exit code 1
skip
skip
srun: error: v05: task 0: Exited with exit code 1
srun: error: v04: task 0: Exited with exit code 1
skip
skip
skip
skip
skip
srun: error: v05: task 0: Exited with exit code 1
srun: error: v05: task 0: Exited with exit code 1
srun: error: v01: task 0: Exited with exit code 1
srun: error: v04: task 0: Exited with exit code 1
srun: error: v05: task 0: Exited with exit code 1
srun: error: v05: task 0: Exited with exit code 1
srun: error: v07: task 0: Exited with exit code 1
