Start 2020-06-15 16:20:32 | 834624 spline_interpolate | v02.clusternet | /home/altenkort/work/EE_correlator/scripts/process_data 

done  16 0.096
done  16 0.099
done  16 0.092
done  20 0.10400000000000001
done  16 0.09
done  16 0.095
done  20 0.11000000000000001
done  16 0.094
done  16 0.093
done  16 0.086
done  16 0.097
done  16 0.098
done  16 0.104
done  16 0.089
done  16 0.102
done  16 0.101
done  20 0.10200000000000001
done  24 0.11399999999999999
done  16 0.10300000000000001
done  24 0.12
done  24 0.119
done  16 0.1
done  24 0.122
done  20 0.10700000000000001
done  16 0.08700000000000001
done  16 0.088
done  20 0.11400000000000002
done  16 0.08499999999999999
done  16 0.06799999999999999
done  20 0.10800000000000001
done  20 0.11499999999999999
done  16 0.06899999999999999
done  20 0.071
done  24 0.08600000000000001
done  16 0.083
done  24 0.06999999999999999
done  16 0.063
done  16 0.065
done  24 0.10099999999999999
done  20 0.08399999999999999
done  20 0.10600000000000001
done  30 0.10099999999999999
done  20 0.11100000000000002
done  20 0.08
done  20 0.098
done  16 0.084
done  24 0.09000000000000001
done  20 0.06799999999999999
done  20 0.063
done  16 0.081
done  24 0.09700000000000002
done  24 0.106
done  16 0.064
done  16 0.079
done  24 0.081
done  30 0.06699999999999999
done  16 0.082
